d:\myprojects\gamecoding\gamecoding\gamecoding\x64\debug\vc142.pdb
d:\myprojects\gamecoding\gamecoding\gamecoding\x64\debug\vc142.idb
d:\myprojects\gamecoding\gamecoding\gamecoding\x64\debug\pch.obj
d:\myprojects\gamecoding\gamecoding\gamecoding\x64\debug\gamecoding.obj
d:\myprojects\gamecoding\gamecoding\gamecoding\x64\debug\game.obj
d:\myprojects\gamecoding\gamecoding\gamecoding\x64\debug\gamecoding.res
d:\myprojects\gamecoding\gamecoding\binaries\gamecoding.pdb
d:\myprojects\gamecoding\gamecoding\gamecoding\x64\debug\gamecoding.tlog\cl.command.1.tlog
d:\myprojects\gamecoding\gamecoding\gamecoding\x64\debug\gamecoding.tlog\cl.read.1.tlog
d:\myprojects\gamecoding\gamecoding\gamecoding\x64\debug\gamecoding.tlog\cl.write.1.tlog
d:\myprojects\gamecoding\gamecoding\gamecoding\x64\debug\gamecoding.tlog\link.6820-cvtres.read.1.tlog
d:\myprojects\gamecoding\gamecoding\gamecoding\x64\debug\gamecoding.tlog\link.6820-cvtres.write.1.tlog
d:\myprojects\gamecoding\gamecoding\gamecoding\x64\debug\gamecoding.tlog\link.6820-rc.read.1.tlog
d:\myprojects\gamecoding\gamecoding\gamecoding\x64\debug\gamecoding.tlog\link.6820-rc.write.1.tlog
d:\myprojects\gamecoding\gamecoding\gamecoding\x64\debug\gamecoding.tlog\link.6820.read.1.tlog
d:\myprojects\gamecoding\gamecoding\gamecoding\x64\debug\gamecoding.tlog\link.6820.write.1.tlog
d:\myprojects\gamecoding\gamecoding\gamecoding\x64\debug\gamecoding.tlog\link.command.1.tlog
d:\myprojects\gamecoding\gamecoding\gamecoding\x64\debug\gamecoding.tlog\link.read.1.tlog
d:\myprojects\gamecoding\gamecoding\gamecoding\x64\debug\gamecoding.tlog\link.write.1.tlog
d:\myprojects\gamecoding\gamecoding\gamecoding\x64\debug\gamecoding.tlog\rc.command.1.tlog
d:\myprojects\gamecoding\gamecoding\gamecoding\x64\debug\gamecoding.tlog\rc.read.1.tlog
d:\myprojects\gamecoding\gamecoding\gamecoding\x64\debug\gamecoding.tlog\rc.write.1.tlog
